<?xml version="1.0" encoding="UTF-8"?>
<!-- Generated by org.testng.reporters.JUnitReportReporter -->
<testsuite hostname="DESKTOP-4L121G8" failures="0" tests="1" name="rahulshettyacademy.Test.ErrorValidation" time="6.187" errors="0" timestamp="2024-07-27T19:18:03 IST" skipped="0">
  <testcase classname="rahulshettyacademy.Test.ErrorValidation" name="LoginErrorValidation" time="6.187"/>
  <system-out/>
</testsuite> <!-- rahulshettyacademy.Test.ErrorValidation -->
