<?xml version="1.0" encoding="UTF-8"?>
<!-- Generated by org.testng.reporters.JUnitReportReporter -->
<testsuite hostname="DESKTOP-4L121G8" failures="0" tests="1" name="rahulshettyacademy.Test.standalonetest2" time="17.855" errors="0" timestamp="2024-07-17T10:28:30 IST" skipped="0">
  <testcase classname="rahulshettyacademy.Test.standalonetest2" name="submitorder" time="17.855"/>
  <system-out/>
</testsuite> <!-- rahulshettyacademy.Test.standalonetest2 -->
