<?xml version="1.0" encoding="UTF-8"?>
<!-- Generated by org.testng.reporters.JUnitReportReporter -->
<testsuite hostname="DESKTOP-4L121G8" failures="0" tests="2" name="rahulshettyacademy.Test.SubmitOrderTest" time="23.320" errors="0" timestamp="2024-07-22T12:47:07 IST" skipped="0">
  <testcase classname="rahulshettyacademy.Test.SubmitOrderTest" name="submitorder" time="18.659"/>
  <system-out/>
  <testcase classname="rahulshettyacademy.Test.SubmitOrderTest" name="OrderHistoryTest" time="4.661"/>
  <system-out/>
</testsuite> <!-- rahulshettyacademy.Test.SubmitOrderTest -->
